WARNING: A restricted method in java.lang.System has been called
WARNING: java.lang.System::load has been called by net.rubygrapefruit.platform.internal.NativeLibraryLoader in an unnamed module (file:/Users/admin/.gradle/wrapper/dists/gradle-8.5-bin/5t9huq95ubn472n8rpzujfbqh/gradle-8.5/lib/native-platform-0.22-milestone-25.jar)
WARNING: Use --enable-native-access=ALL-UNNAMED to avoid a warning for callers in this module
WARNING: Restricted methods will be blocked in a future release unless native access is enabled

To honour the JVM settings for this build a single-use Daemon process will be forked. For more on this, please refer to https://docs.gradle.org/8.5/userguide/gradle_daemon.html#sec:disabling_the_daemon in the Gradle documentation.
Daemon will be stopped at the end of the build 
> Task :compileJava UP-TO-DATE
> Task :nodeSetup UP-TO-DATE
> Task :npmSetup SKIPPED
> Task :npmInstall NO-SOURCE

> Task :npmBuild

> webui@0.0.0 build
> ng build

❯ Building...
✔ Building...
Initial chunk files | Names         |  Raw size | Estimated transfer size
main-KU2ROE7V.js    | main          | 449.85 kB |               105.11 kB
styles-XAPTEZOC.css | styles        | 231.09 kB |                22.67 kB
scripts-TTWY4XDY.js | scripts       |  80.45 kB |                21.60 kB
chunk-GMJ6I2VE.js   | -             |  48.83 kB |                13.94 kB

                    | Initial total | 810.21 kB |               163.32 kB

Lazy chunk files    | Names         |  Raw size | Estimated transfer size
chunk-OGM2BJL7.js   | index         |   4.28 kB |                 1.38 kB

Application bundle generation complete. [2.824 seconds] - 2025-12-14T15:35:58.203Z

Output location: /Users/admin/Documents/Fanroc/scoring-system/webui/dist/webui


> Task :copyWebUi UP-TO-DATE
> Task :processResources UP-TO-DATE
> Task :classes UP-TO-DATE
> Task :resolveMainClassName UP-TO-DATE

> Task :bootRun

  .   ____          _            __ _ _
 /\\ / ___'_ __ _ _(_)_ __  __ _ \ \ \ \
( ( )\___ | '_ | '_| | '_ \/ _` | \ \ \ \
 \\/  ___)| |_)| | | | | || (_| |  ) ) ) )
  '  |____| .__|_| |_|_| |_\__, | / / / /
 =========|_|==============|___/=/_/_/_/

 :: Spring Boot ::                (v3.5.4)

2025-12-14T22:35:58.911+07:00  INFO 4629 --- ['vrc-scoring-system'] [           main] org.thingai.app.Main                     : Starting Main using Java 25.0.1 with PID 4629 (/Users/admin/Documents/Fanroc/scoring-system/build/classes/java/main started by admin in /Users/admin/Documents/Fanroc/scoring-system)
2025-12-14T22:35:58.912+07:00  INFO 4629 --- ['vrc-scoring-system'] [           main] org.thingai.app.Main                     : No active profile set, falling back to 1 default profile: "default"
2025-12-14T22:35:59.482+07:00  INFO 4629 --- ['vrc-scoring-system'] [           main] o.apache.catalina.core.StandardService   : Starting service [Tomcat]
2025-12-14T22:35:59.482+07:00  INFO 4629 --- ['vrc-scoring-system'] [           main] o.apache.catalina.core.StandardEngine    : Starting Servlet engine: [Apache Tomcat/10.1.43]
2025-12-14T22:35:59.505+07:00  INFO 4629 --- ['vrc-scoring-system'] [           main] o.a.c.c.C.[Tomcat].[localhost].[/]       : Initializing Spring embedded WebApplicationContext
DEBUG: WebSocket: Registering WebSocket endpoints
2025-12-14T22:35:59.875+07:00  INFO 4629 --- ['vrc-scoring-system'] [           main] org.thingai.app.Main                     : Started Main in 1.151 seconds (process running for 1.295)
DEBUG: ScoringService::setSimpMessagingTemplate: org.thingai.app.scoringservice.handler.BroadcastHandler@25ce435
2025-12-14T22:35:59.919+07:00  INFO 4629 --- ['vrc-scoring-system'] [           main] com.zaxxer.hikari.HikariDataSource       : HikariPool-1 - Starting...
WARNING: A restricted method in java.lang.System has been called
WARNING: java.lang.System::load has been called by org.sqlite.SQLiteJDBCLoader in an unnamed module (file:/Users/admin/.gradle/caches/modules-2/files-2.1/org.xerial/sqlite-jdbc/3.43.2.0/37394536cb365c370cad246aa02da4a1e1e24008/sqlite-jdbc-3.43.2.0.jar)
WARNING: Use --enable-native-access=ALL-UNNAMED to avoid a warning for callers in this module
WARNING: Restricted methods will be blocked in a future release unless native access is enabled

2025-12-14T22:36:00.340+07:00  INFO 4629 --- ['vrc-scoring-system'] [           main] com.zaxxer.hikari.pool.HikariPool        : HikariPool-1 - Added connection org.sqlite.jdbc4.JDBC4Connection@63f9ddf9
2025-12-14T22:36:00.342+07:00  INFO 4629 --- ['vrc-scoring-system'] [           main] com.zaxxer.hikari.HikariDataSource       : HikariPool-1 - Start completed.
Service initialized with app directory: /Users/admin/.thingai/scoring_system
DEBUG: DaoSqlite: Initializing SQLite DAO with database at:  /Users/admin/.thingai/scoring_system/scoring_system.db
DEBUG: DaoSqlite: Executing query:  CREATE TABLE IF NOT EXISTS event (uuid TEXT PRIMARY KEY, name TEXT, eventCode TEXT, fieldCount INTEGER, date TEXT, location TEXT, description TEXT, website TEXT, organizer TEXT);
DEBUG: DaoSqlite: Executing query:  CREATE TABLE IF NOT EXISTS match (id TEXT PRIMARY KEY, matchCode TEXT UNIQUE, matchType INTEGER, matchNumber INTEGER, fieldNumber INTEGER DEFAULT 1 , matchStartTime TEXT, actualStartTime TEXT, matchEndTime TEXT);
DEBUG: DaoSqlite: Executing query:  CREATE TABLE IF NOT EXISTS alliance_team (allianceId TEXT, teamId TEXT);
DEBUG: DaoSqlite: Executing query:  CREATE TABLE IF NOT EXISTS team (id TEXT PRIMARY KEY, name TEXT, school TEXT, region TEXT);
DEBUG: DaoSqlite: Executing query:  CREATE TABLE IF NOT EXISTS score (id TEXT PRIMARY KEY, status INTEGER, totalScore INTEGER, penaltiesScore INTEGER);
DEBUG: DaoSqlite: Executing query:  CREATE TABLE IF NOT EXISTS ranking_entry (id INTEGER PRIMARY KEY AUTOINCREMENT, team_id TEXT NOT NULL, rank INTEGER NOT NULL, matches_played INTEGER NOT NULL, wins INTEGER NOT NULL, total_score INTEGER NOT NULL, total_penalties INTEGER NOT NULL, highest_score INTEGER NOT NULL, ranking_points INTEGER NOT NULL);
DEBUG: DaoSqlite: Executing query:  CREATE TABLE IF NOT EXISTS auth_data (username TEXT PRIMARY KEY UNIQUE, password TEXT NOT NULL, salt TEXT NOT NULL);
DEBUG: DaoSqlite: Executing query:  CREATE TABLE IF NOT EXISTS account_role (username TEXT, role INTEGER);
DEBUG: DaoSqlite: Executing query:  CREATE TABLE IF NOT EXISTS db_map (key TEXT PRIMARY KEY UNIQUE, value TEXT NOT NULL);
DEBUG: MatchHandler: Detected macOS for MatchMakerHandler.
DEBUG: MatchMakerHandler: Binary path set to: /Users/admin/Documents/Fanroc/scoring-system/bin/MatchMaker_mac
DEBUG: MatchHandler: Match schedule output path set to: /Users/admin/Documents/Fanroc/scoring-system/data/match_schedule.txt
DEBUG: MatchMakerHandler: Output path set to: /Users/admin/Documents/Fanroc/scoring-system/data/match_schedule.txt
INFO: ScoringService: ScoringService initialized.
INFO: ScoringService: Running on URL: http://172.20.10.8
INFO: ScoringService: Database initialized at: /Users/admin/.thingai/scoring_system/scoring_system.db
INFO: ScoringService: File storage initialized at: /Users/admin/.thingai/scoring_system/files
2025-12-14T22:36:05.614+07:00  INFO 4629 --- ['vrc-scoring-system'] [0.0.0-80-exec-1] o.a.c.c.C.[Tomcat].[localhost].[/]       : Initializing Spring DispatcherServlet 'dispatcherServlet'
DEBUG: DaoSqlite: Executing query: SELECT * FROM team;
DEBUG: DaoSqlite: Executing query: SELECT * FROM team;
DEBUG: DaoSqlite: Executing query:  HikariProxyPreparedStatement@1727620505 wrapping INSERT OR REPLACE INTO team (id, name, school, region) VALUES (?, ?, ?, ?); 
 parameters=[T001, Test Team 1, Test School, US-CA]
DEBUG: DaoSqlite: Executing query:  HikariProxyPreparedStatement@1050016705 wrapping INSERT OR REPLACE INTO team (id, name, school, region) VALUES (?, ?, ?, ?); 
 parameters=[T002, Test Team 2, Test School, US-TX]
DEBUG: DaoSqlite: Executing query:  HikariProxyPreparedStatement@664884975 wrapping INSERT OR REPLACE INTO team (id, name, school, region) VALUES (?, ?, ?, ?); 
 parameters=[T003, Test Team 3, Test School, US-FL]
DEBUG: DaoSqlite: Executing query:  HikariProxyPreparedStatement@815821714 wrapping INSERT OR REPLACE INTO team (id, name, school, region) VALUES (?, ?, ?, ?); 
 parameters=[T004, Test Team 4, Test School, US-NY]
DEBUG: DaoSqlite: Executing query:  HikariProxyPreparedStatement@1218791749 wrapping INSERT OR REPLACE INTO team (id, name, school, region) VALUES (?, ?, ?, ?); 
 parameters=[T005, Test Team 5, Test School, US-IL]
DEBUG: DaoSqlite: Executing query: SELECT * FROM team;
DEBUG: DaoSqlite: Executing query: SELECT * FROM team;
DEBUG: DaoSqlite: Executing query: SELECT * FROM team;
DEBUG: DaoSqlite: Executing query: SELECT * FROM team;
DEBUG: MatchHandler: [T002, T001] vs [T004, T005] at 2025-12-15T03:00
DEBUG: DaoSqlite: Executing query:  HikariProxyPreparedStatement@1552307752 wrapping INSERT OR REPLACE INTO alliance_team (allianceId, teamId) VALUES (?, ?); 
 parameters=[Q1_R, T002]
DEBUG: DaoSqlite: Executing query:  HikariProxyPreparedStatement@376154268 wrapping INSERT OR REPLACE INTO alliance_team (allianceId, teamId) VALUES (?, ?); 
 parameters=[Q1_R, T001]
DEBUG: DaoSqlite: Executing query:  HikariProxyPreparedStatement@1174025157 wrapping INSERT OR REPLACE INTO alliance_team (allianceId, teamId) VALUES (?, ?); 
 parameters=[Q1_B, T004]
DEBUG: DaoSqlite: Executing query:  HikariProxyPreparedStatement@1106422272 wrapping INSERT OR REPLACE INTO alliance_team (allianceId, teamId) VALUES (?, ?); 
 parameters=[Q1_B, T005]
DEBUG: DaoSqlite: Executing query:  HikariProxyPreparedStatement@1691345185 wrapping INSERT OR REPLACE INTO match (id, matchCode, matchType, matchNumber, fieldNumber, matchStartTime, actualStartTime, matchEndTime) VALUES (?, ?, ?, ?, ?, ?, ?, ?); 
 parameters=[Q1, Q1, 1, 1, 1, 2025-12-15T03:00, null, null]
DEBUG: DaoSqlite: Executing query:  HikariProxyPreparedStatement@1883210342 wrapping INSERT OR REPLACE INTO score (id, status, totalScore, penaltiesScore) VALUES (?, ?, ?, ?); 
 parameters=[Q1_R, 0, 0, 0]
DEBUG: DaoSqlite: Executing query:  HikariProxyPreparedStatement@617186507 wrapping INSERT OR REPLACE INTO score (id, status, totalScore, penaltiesScore) VALUES (?, ?, ?, ?); 
 parameters=[Q1_B, 0, 0, 0]
DEBUG: MatchHandler: [T002, T001] vs [T003, T005] at 2025-12-15T03:07
DEBUG: DaoSqlite: Executing query:  HikariProxyPreparedStatement@1460216001 wrapping INSERT OR REPLACE INTO alliance_team (allianceId, teamId) VALUES (?, ?); 
 parameters=[Q2_R, T002]
DEBUG: DaoSqlite: Executing query:  HikariProxyPreparedStatement@1280579048 wrapping INSERT OR REPLACE INTO alliance_team (allianceId, teamId) VALUES (?, ?); 
 parameters=[Q2_R, T001]
DEBUG: DaoSqlite: Executing query:  HikariProxyPreparedStatement@1089766070 wrapping INSERT OR REPLACE INTO alliance_team (allianceId, teamId) VALUES (?, ?); 
 parameters=[Q2_B, T005]
DEBUG: DaoSqlite: Executing query:  HikariProxyPreparedStatement@678668735 wrapping INSERT OR REPLACE INTO alliance_team (allianceId, teamId) VALUES (?, ?); 
 parameters=[Q2_B, T003]
DEBUG: DaoSqlite: Executing query:  HikariProxyPreparedStatement@920820568 wrapping INSERT OR REPLACE INTO match (id, matchCode, matchType, matchNumber, fieldNumber, matchStartTime, actualStartTime, matchEndTime) VALUES (?, ?, ?, ?, ?, ?, ?, ?); 
 parameters=[Q2, Q2, 1, 2, 2, 2025-12-15T03:07, null, null]
DEBUG: DaoSqlite: Executing query:  HikariProxyPreparedStatement@1526018873 wrapping INSERT OR REPLACE INTO score (id, status, totalScore, penaltiesScore) VALUES (?, ?, ?, ?); 
 parameters=[Q2_R, 0, 0, 0]
DEBUG: DaoSqlite: Executing query:  HikariProxyPreparedStatement@1047591907 wrapping INSERT OR REPLACE INTO score (id, status, totalScore, penaltiesScore) VALUES (?, ?, ?, ?); 
 parameters=[Q2_B, 0, 0, 0]
DEBUG: MatchHandler: [T002, T005] vs [T003, T001] at 2025-12-15T03:14
DEBUG: DaoSqlite: Executing query:  HikariProxyPreparedStatement@192644035 wrapping INSERT OR REPLACE INTO alliance_team (allianceId, teamId) VALUES (?, ?); 
 parameters=[Q3_R, T005]
DEBUG: DaoSqlite: Executing query:  HikariProxyPreparedStatement@694284719 wrapping INSERT OR REPLACE INTO alliance_team (allianceId, teamId) VALUES (?, ?); 
 parameters=[Q3_R, T002]
DEBUG: DaoSqlite: Executing query:  HikariProxyPreparedStatement@1518236481 wrapping INSERT OR REPLACE INTO alliance_team (allianceId, teamId) VALUES (?, ?); 
 parameters=[Q3_B, T003]
DEBUG: DaoSqlite: Executing query:  HikariProxyPreparedStatement@1676157966 wrapping INSERT OR REPLACE INTO alliance_team (allianceId, teamId) VALUES (?, ?); 
 parameters=[Q3_B, T001]
DEBUG: DaoSqlite: Executing query:  HikariProxyPreparedStatement@886752811 wrapping INSERT OR REPLACE INTO match (id, matchCode, matchType, matchNumber, fieldNumber, matchStartTime, actualStartTime, matchEndTime) VALUES (?, ?, ?, ?, ?, ?, ?, ?); 
 parameters=[Q3, Q3, 1, 3, 3, 2025-12-15T03:14, null, null]
DEBUG: DaoSqlite: Executing query:  HikariProxyPreparedStatement@311473558 wrapping INSERT OR REPLACE INTO score (id, status, totalScore, penaltiesScore) VALUES (?, ?, ?, ?); 
 parameters=[Q3_R, 0, 0, 0]
DEBUG: DaoSqlite: Executing query:  HikariProxyPreparedStatement@995961086 wrapping INSERT OR REPLACE INTO score (id, status, totalScore, penaltiesScore) VALUES (?, ?, ?, ?); 
 parameters=[Q3_B, 0, 0, 0]
